<?xml version="1.0" encoding="UTF-8"?>
<testng-results skipped="0" failed="0" ignored="0" total="1" passed="1">
  <reporter-output>
  </reporter-output>
  <suite name="Suite1" duration-ms="12395" started-at="2019-08-26T17:52:21 EDT" finished-at="2019-08-26T17:52:33 EDT">
    <groups>
    </groups>
    <test name="Tests" duration-ms="12395" started-at="2019-08-26T17:52:21 EDT" finished-at="2019-08-26T17:52:33 EDT">
      <class name="edurekaProject.NewTest">
        <test-method status="PASS" signature="beforeTest()[pri:0, instance:edurekaProject.NewTest@610694f1]" name="beforeTest" is-config="true" duration-ms="54" started-at="2019-08-26T17:52:21 EDT" finished-at="2019-08-26T17:52:21 EDT">
          <reporter-output>
          </reporter-output>
        </test-method> <!-- beforeTest -->
        <test-method status="PASS" signature="verifyTitle()[pri:0, instance:edurekaProject.NewTest@610694f1]" name="verifyTitle" duration-ms="12220" started-at="2019-08-26T17:52:21 EDT" finished-at="2019-08-26T17:52:33 EDT">
          <reporter-output>
          </reporter-output>
        </test-method> <!-- verifyTitle -->
        <test-method status="PASS" signature="afterTest()[pri:0, instance:edurekaProject.NewTest@610694f1]" name="afterTest" is-config="true" duration-ms="2" started-at="2019-08-26T17:52:33 EDT" finished-at="2019-08-26T17:52:33 EDT">
          <reporter-output>
          </reporter-output>
        </test-method> <!-- afterTest -->
      </class> <!-- edurekaProject.NewTest -->
    </test> <!-- Tests -->
  </suite> <!-- Suite1 -->
</testng-results>
